<?xml version="1.0" encoding="UTF-8"?>
<!-- Generated by org.testng.reporters.JUnitXMLReporter -->
<testsuite ignored="1" hostname="SHARATH-WORKSPACE" failures="0" tests="1" name="Error validation" time="12.976" errors="0" timestamp="2024-06-05T19:41:20 IST">
  <testcase classname="selenium.tests.ErrorValidationTest" name="LoginErrorValidation" time="6.145"/>
  <testcase classname="selenium.tests.ErrorValidationTest" name="ProductErrorValidation" time="0.0">
    <ignored/>
  </testcase> <!-- ProductErrorValidation -->
</testsuite> <!-- Error validation -->
